build/app/intermediates/manifest_merge_blame_file/release/manifest-merger-blame-release-report.txt
1<?xml version="1.0" encoding="utf-8"?>
2<manifest xmlns:android="http://schemas.android.com/apk/res/android"
3    package="com.example.logistica_app"
4    android:versionCode="1"
5    android:versionName="1.0.0" >
6
7    <uses-sdk
8        android:minSdkVersion="21"
8-->src\main\AndroidManifest.xml
9        android:targetSdkVersion="34" />
9-->src\main\AndroidManifest.xml
10    <!--
11         Required to query activities that can process text, see:
12         https://developer.android.com/training/package-visibility and
13         https://developer.android.com/reference/android/content/Intent#ACTION_PROCESS_TEXT.
14
15         In particular, this is used by the Flutter engine in io.flutter.plugin.text.ProcessTextPlugin.
16    -->
17    <queries>
17-->src\main\AndroidManifest.xml:40:5-45:15
18        <intent>
18-->src\main\AndroidManifest.xml:41:9-44:18
19            <action android:name="android.intent.action.PROCESS_TEXT" />
19-->src\main\AndroidManifest.xml:42:13-72
19-->src\main\AndroidManifest.xml:42:21-70
20
21            <data android:mimeType="text/plain" />
21-->src\main\AndroidManifest.xml:43:13-50
21-->src\main\AndroidManifest.xml:43:19-48
22        </intent>
23    </queries>
24
25    <uses-permission android:name="android.permission.INTERNET" />
25-->[:google_sign_in_android] AndroidManifest.xml:9:5-67
25-->[:google_sign_in_android] AndroidManifest.xml:9:22-64
26
27    <permission
27-->[androidx.core:core:1.13.1] AndroidManifest.xml:22:5-24:47
28        android:name="com.example.logistica_app.DYNAMIC_RECEIVER_NOT_EXPORTED_PERMISSION"
28-->[androidx.core:core:1.13.1] AndroidManifest.xml:23:9-81
29        android:protectionLevel="signature" />
29-->[androidx.core:core:1.13.1] AndroidManifest.xml:24:9-44
30
31    <uses-permission android:name="com.example.logistica_app.DYNAMIC_RECEIVER_NOT_EXPORTED_PERMISSION" />
31-->[androidx.core:core:1.13.1] AndroidManifest.xml:26:5-97
31-->[androidx.core:core:1.13.1] AndroidManifest.xml:26:22-94
32
33    <application
34        android:name="android.app.Application"
34-->src\main\AndroidManifest.xml:4:9-42
35        android:appComponentFactory="androidx.core.app.CoreComponentFactory"
35-->[androidx.core:core:1.13.1] AndroidManifest.xml:28:18-86
36        android:icon="@mipmap/app_icon"
36-->src\main\AndroidManifest.xml:5:9-40
37        android:label="Direcciones Fruver" >
37-->src\main\AndroidManifest.xml:3:9-43
38        <activity
38-->src\main\AndroidManifest.xml:6:9-28:20
39            android:name="com.example.logistica_app.MainActivity"
39-->src\main\AndroidManifest.xml:7:13-41
40            android:configChanges="orientation|keyboardHidden|keyboard|screenSize|smallestScreenSize|locale|layoutDirection|fontScale|screenLayout|density|uiMode"
40-->src\main\AndroidManifest.xml:12:13-163
41            android:exported="true"
41-->src\main\AndroidManifest.xml:8:13-36
42            android:hardwareAccelerated="true"
42-->src\main\AndroidManifest.xml:13:13-47
43            android:launchMode="singleTop"
43-->src\main\AndroidManifest.xml:9:13-43
44            android:screenOrientation="portrait"
44-->src\main\AndroidManifest.xml:15:13-49
45            android:taskAffinity=""
45-->src\main\AndroidManifest.xml:10:13-36
46            android:theme="@style/LaunchTheme"
46-->src\main\AndroidManifest.xml:11:13-47
47            android:windowSoftInputMode="adjustResize" >
47-->src\main\AndroidManifest.xml:14:13-55
48
49            <!--
50                 Specifies an Android theme to apply to this Activity as soon as
51                 the Android process has started. This theme is visible to the user
52                 while the Flutter UI initializes. After that, this theme continues
53                 to determine the Window background behind the Flutter UI.
54            -->
55            <meta-data
55-->src\main\AndroidManifest.xml:20:13-23:17
56                android:name="io.flutter.embedding.android.NormalTheme"
56-->src\main\AndroidManifest.xml:21:15-70
57                android:resource="@style/NormalTheme" />
57-->src\main\AndroidManifest.xml:22:15-52
58
59            <intent-filter>
59-->src\main\AndroidManifest.xml:24:13-27:29
60                <action android:name="android.intent.action.MAIN" />
60-->src\main\AndroidManifest.xml:25:17-68
60-->src\main\AndroidManifest.xml:25:25-66
61
62                <category android:name="android.intent.category.LAUNCHER" />
62-->src\main\AndroidManifest.xml:26:17-76
62-->src\main\AndroidManifest.xml:26:27-74
63            </intent-filter>
64        </activity>
65        <!--
66             Don't delete the meta-data below.
67             This is used by the Flutter tool to generate GeneratedPluginRegistrant.java
68        -->
69        <meta-data
69-->src\main\AndroidManifest.xml:31:9-33:33
70            android:name="flutterEmbedding"
70-->src\main\AndroidManifest.xml:32:13-44
71            android:value="2" />
71-->src\main\AndroidManifest.xml:33:13-30
72        <!--
73           Declares a provider which allows us to store files to share in
74           '.../caches/share_plus' and grant the receiving action access
75        -->
76        <provider
76-->[:share_plus] AndroidManifest.xml:15:9-23:20
77            android:name="dev.fluttercommunity.plus.share.ShareFileProvider"
77-->[:share_plus] AndroidManifest.xml:16:13-77
78            android:authorities="com.example.logistica_app.flutter.share_provider"
78-->[:share_plus] AndroidManifest.xml:17:13-74
79            android:exported="false"
79-->[:share_plus] AndroidManifest.xml:18:13-37
80            android:grantUriPermissions="true" >
80-->[:share_plus] AndroidManifest.xml:19:13-47
81            <meta-data
81-->[:share_plus] AndroidManifest.xml:20:13-22:68
82                android:name="android.support.FILE_PROVIDER_PATHS"
82-->[:share_plus] AndroidManifest.xml:21:17-67
83                android:resource="@xml/flutter_share_file_paths" />
83-->[:share_plus] AndroidManifest.xml:22:17-65
84        </provider>
85        <!--
86           This manifest declared broadcast receiver allows us to use an explicit
87           Intent when creating a PendingItent to be informed of the user's choice
88        -->
89        <receiver
89-->[:share_plus] AndroidManifest.xml:28:9-34:20
90            android:name="dev.fluttercommunity.plus.share.SharePlusPendingIntent"
90-->[:share_plus] AndroidManifest.xml:29:13-82
91            android:exported="false" >
91-->[:share_plus] AndroidManifest.xml:30:13-37
92            <intent-filter>
92-->[:share_plus] AndroidManifest.xml:31:13-33:29
93                <action android:name="EXTRA_CHOSEN_COMPONENT" />
93-->[:share_plus] AndroidManifest.xml:32:17-65
93-->[:share_plus] AndroidManifest.xml:32:25-62
94            </intent-filter>
95        </receiver>
96
97        <activity
97-->[:url_launcher_android] AndroidManifest.xml:10:9-13:74
98            android:name="io.flutter.plugins.urllauncher.WebViewActivity"
98-->[:url_launcher_android] AndroidManifest.xml:11:13-74
99            android:exported="false"
99-->[:url_launcher_android] AndroidManifest.xml:12:13-37
100            android:theme="@android:style/Theme.NoTitleBar.Fullscreen" />
100-->[:url_launcher_android] AndroidManifest.xml:13:13-71
101        <activity
101-->[com.google.android.gms:play-services-auth:21.0.0] AndroidManifest.xml:23:9-27:75
102            android:name="com.google.android.gms.auth.api.signin.internal.SignInHubActivity"
102-->[com.google.android.gms:play-services-auth:21.0.0] AndroidManifest.xml:24:13-93
103            android:excludeFromRecents="true"
103-->[com.google.android.gms:play-services-auth:21.0.0] AndroidManifest.xml:25:13-46
104            android:exported="false"
104-->[com.google.android.gms:play-services-auth:21.0.0] AndroidManifest.xml:26:13-37
105            android:theme="@android:style/Theme.Translucent.NoTitleBar" />
105-->[com.google.android.gms:play-services-auth:21.0.0] AndroidManifest.xml:27:13-72
106        <!--
107            Service handling Google Sign-In user revocation. For apps that do not integrate with
108            Google Sign-In, this service will never be started.
109        -->
110        <service
110-->[com.google.android.gms:play-services-auth:21.0.0] AndroidManifest.xml:33:9-37:51
111            android:name="com.google.android.gms.auth.api.signin.RevocationBoundService"
111-->[com.google.android.gms:play-services-auth:21.0.0] AndroidManifest.xml:34:13-89
112            android:exported="true"
112-->[com.google.android.gms:play-services-auth:21.0.0] AndroidManifest.xml:35:13-36
113            android:permission="com.google.android.gms.auth.api.signin.permission.REVOCATION_NOTIFICATION"
113-->[com.google.android.gms:play-services-auth:21.0.0] AndroidManifest.xml:36:13-107
114            android:visibleToInstantApps="true" />
114-->[com.google.android.gms:play-services-auth:21.0.0] AndroidManifest.xml:37:13-48
115
116        <activity
116-->[com.google.android.gms:play-services-base:18.0.1] AndroidManifest.xml:20:9-22:45
117            android:name="com.google.android.gms.common.api.GoogleApiActivity"
117-->[com.google.android.gms:play-services-base:18.0.1] AndroidManifest.xml:20:19-85
118            android:exported="false"
118-->[com.google.android.gms:play-services-base:18.0.1] AndroidManifest.xml:22:19-43
119            android:theme="@android:style/Theme.Translucent.NoTitleBar" />
119-->[com.google.android.gms:play-services-base:18.0.1] AndroidManifest.xml:21:19-78
120
121        <meta-data
121-->[com.google.android.gms:play-services-basement:18.2.0] AndroidManifest.xml:21:9-23:69
122            android:name="com.google.android.gms.version"
122-->[com.google.android.gms:play-services-basement:18.2.0] AndroidManifest.xml:22:13-58
123            android:value="@integer/google_play_services_version" />
123-->[com.google.android.gms:play-services-basement:18.2.0] AndroidManifest.xml:23:13-66
124
125        <uses-library
125-->[androidx.window:window:1.2.0] AndroidManifest.xml:23:9-25:40
126            android:name="androidx.window.extensions"
126-->[androidx.window:window:1.2.0] AndroidManifest.xml:24:13-54
127            android:required="false" />
127-->[androidx.window:window:1.2.0] AndroidManifest.xml:25:13-37
128        <uses-library
128-->[androidx.window:window:1.2.0] AndroidManifest.xml:26:9-28:40
129            android:name="androidx.window.sidecar"
129-->[androidx.window:window:1.2.0] AndroidManifest.xml:27:13-51
130            android:required="false" />
130-->[androidx.window:window:1.2.0] AndroidManifest.xml:28:13-37
131
132        <provider
132-->[androidx.lifecycle:lifecycle-process:2.7.0] AndroidManifest.xml:24:9-32:20
133            android:name="androidx.startup.InitializationProvider"
133-->[androidx.lifecycle:lifecycle-process:2.7.0] AndroidManifest.xml:25:13-67
134            android:authorities="com.example.logistica_app.androidx-startup"
134-->[androidx.lifecycle:lifecycle-process:2.7.0] AndroidManifest.xml:26:13-68
135            android:exported="false" >
135-->[androidx.lifecycle:lifecycle-process:2.7.0] AndroidManifest.xml:27:13-37
136            <meta-data
136-->[androidx.lifecycle:lifecycle-process:2.7.0] AndroidManifest.xml:29:13-31:52
137                android:name="androidx.lifecycle.ProcessLifecycleInitializer"
137-->[androidx.lifecycle:lifecycle-process:2.7.0] AndroidManifest.xml:30:17-78
138                android:value="androidx.startup" />
138-->[androidx.lifecycle:lifecycle-process:2.7.0] AndroidManifest.xml:31:17-49
139            <meta-data
139-->[androidx.profileinstaller:profileinstaller:1.3.1] AndroidManifest.xml:29:13-31:52
140                android:name="androidx.profileinstaller.ProfileInstallerInitializer"
140-->[androidx.profileinstaller:profileinstaller:1.3.1] AndroidManifest.xml:30:17-85
141                android:value="androidx.startup" />
141-->[androidx.profileinstaller:profileinstaller:1.3.1] AndroidManifest.xml:31:17-49
142        </provider>
143
144        <receiver
144-->[androidx.profileinstaller:profileinstaller:1.3.1] AndroidManifest.xml:34:9-52:20
145            android:name="androidx.profileinstaller.ProfileInstallReceiver"
145-->[androidx.profileinstaller:profileinstaller:1.3.1] AndroidManifest.xml:35:13-76
146            android:directBootAware="false"
146-->[androidx.profileinstaller:profileinstaller:1.3.1] AndroidManifest.xml:36:13-44
147            android:enabled="true"
147-->[androidx.profileinstaller:profileinstaller:1.3.1] AndroidManifest.xml:37:13-35
148            android:exported="true"
148-->[androidx.profileinstaller:profileinstaller:1.3.1] AndroidManifest.xml:38:13-36
149            android:permission="android.permission.DUMP" >
149-->[androidx.profileinstaller:profileinstaller:1.3.1] AndroidManifest.xml:39:13-57
150            <intent-filter>
150-->[androidx.profileinstaller:profileinstaller:1.3.1] AndroidManifest.xml:40:13-42:29
151                <action android:name="androidx.profileinstaller.action.INSTALL_PROFILE" />
151-->[androidx.profileinstaller:profileinstaller:1.3.1] AndroidManifest.xml:41:17-91
151-->[androidx.profileinstaller:profileinstaller:1.3.1] AndroidManifest.xml:41:25-88
152            </intent-filter>
153            <intent-filter>
153-->[androidx.profileinstaller:profileinstaller:1.3.1] AndroidManifest.xml:43:13-45:29
154                <action android:name="androidx.profileinstaller.action.SKIP_FILE" />
154-->[androidx.profileinstaller:profileinstaller:1.3.1] AndroidManifest.xml:44:17-85
154-->[androidx.profileinstaller:profileinstaller:1.3.1] AndroidManifest.xml:44:25-82
155            </intent-filter>
156            <intent-filter>
156-->[androidx.profileinstaller:profileinstaller:1.3.1] AndroidManifest.xml:46:13-48:29
157                <action android:name="androidx.profileinstaller.action.SAVE_PROFILE" />
157-->[androidx.profileinstaller:profileinstaller:1.3.1] AndroidManifest.xml:47:17-88
157-->[androidx.profileinstaller:profileinstaller:1.3.1] AndroidManifest.xml:47:25-85
158            </intent-filter>
159            <intent-filter>
159-->[androidx.profileinstaller:profileinstaller:1.3.1] AndroidManifest.xml:49:13-51:29
160                <action android:name="androidx.profileinstaller.action.BENCHMARK_OPERATION" />
160-->[androidx.profileinstaller:profileinstaller:1.3.1] AndroidManifest.xml:50:17-95
160-->[androidx.profileinstaller:profileinstaller:1.3.1] AndroidManifest.xml:50:25-92
161            </intent-filter>
162        </receiver>
163    </application>
164
165</manifest>